<?xml version="1.0" encoding="UTF-8"?>
<!-- Generated by org.testng.reporters.JUnitXMLReporter -->
<testsuite ignored="2" hostname="DESKTOP-SA70GI3" failures="3" tests="36" name="Test" time="78.518" errors="0" timestamp="2024-05-17T13:31:26 IST">
  <testcase classname="TestNG.invocationCountfeature" name="VerifypageTitle" time="0.023"/>
  <testcase classname="TestNG.invocationCountfeature" name="Verifylogodiaplayed" time="0.014"/>
  <testcase classname="TestNG.invocationCountfeature" name="verifyforgotlink" time="0.006"/>
  <testcase classname="TestNG.invocationCountfeature" name="verifylaunchapplication" time="0.013"/>
  <testcase classname="TestNG.invocationCountfeature" name="verifylaunchapplication" time="0.009"/>
  <testcase classname="TestNG.invocationCountfeature" name="verifylaunchapplication" time="0.016"/>
  <testcase classname="TestNG.invocationCountfeature" name="Verifycreateaccountbutton" time="0.008"/>
  <testcase classname="TestNG.invocationCountfeature" name="Verifynoteuderloginbox" time="0.01"/>
  <testcase classname="TestNG.invocationCountfeature" name="verifyloginsuccess" time="0.013"/>
  <testcase classname="TestNG.dependsOnMethods" name="VerifypageTitle" time="0.007"/>
  <testcase classname="TestNG.dependsOnMethods" name="Verifylogodiaplayed" time="0.01"/>
  <testcase classname="TestNG.dependsOnMethods" name="verifyforgotlink" time="0.04"/>
  <testcase classname="TestNG.dependsOnMethods" name="verifylaunchapplication" time="0.005">
    <failure type="java.lang.ArithmeticException" message="/ by zero">
      <![CDATA[java.lang.ArithmeticException: / by zero
at TestNG.dependsOnMethods.verifylaunchapplication(dependsOnMethods.java:29)
at java.base/java.util.ArrayList.forEach(ArrayList.java:1511)
... Removed 25 stack frames]]>
    </failure>
  </testcase> <!-- verifylaunchapplication -->
  <testcase classname="TestNG.dependsOnMethods" name="Verifycreateaccountbutton" time="0.001">
    <skipped/>
  </testcase> <!-- Verifycreateaccountbutton -->
  <testcase classname="TestNG.dependsOnMethods" name="Verifynoteuderloginbox" time="0.0">
    <skipped/>
  </testcase> <!-- Verifynoteuderloginbox -->
  <testcase classname="TestNG.dependsOnMethods" name="verifyloginsuccess" time="0.001">
    <skipped/>
  </testcase> <!-- verifyloginsuccess -->
  <testcase classname="TestNG.ParallelTest1" name="preconditionsfacebook" time="10.323"/>
  <testcase classname="TestNG.SoftAssertDemo" name="gmaillinktest" time="0.248"/>
  <testcase classname="TestNG.SoftAssertDemo" name="titlepageTest" time="0.46">
    <failure type="java.lang.AssertionError" message="The following asserts failed:
	Expected result not match Actual resul expected [Google123] but found [Google]">
      <![CDATA[java.lang.AssertionError: The following asserts failed:
Expected result not match Actual resul expected [Google123] but found [Google]
at TestNG.SoftAssertDemo.titlepageTest(SoftAssertDemo.java:72)
at java.base/java.util.ArrayList.forEach(ArrayList.java:1511)
... Removed 27 stack frames]]>
    </failure>
  </testcase> <!-- titlepageTest -->
  <testcase classname="TestNG.TestNGBasicConcept" name="verifyforgotlinkdisplayed" time="0.002"/>
  <testcase classname="TestNG.TestNGBasicConcept" name="verifyloginsuccess" time="0.003"/>
  <testcase classname="TestNG.enabledfeature" name="VerifypageTitle" time="0.002"/>
  <testcase classname="TestNG.enabledfeature" name="Verifylogodiaplayed" time="0.003"/>
  <testcase classname="TestNG.enabledfeature" name="verifylaunchapplication" time="0.001"/>
  <testcase classname="TestNG.enabledfeature" name="Verifycreateaccountbutton" time="0.004"/>
  <testcase classname="TestNG.enabledfeature" name="Verifynoteuderloginbox" time="0.003"/>
  <testcase classname="TestNG.enabledfeature" name="verifyloginsuccess" time="0.003"/>
  <testcase classname="TestNG.ParallelTest2" name="preconditionsgoogle" time="6.535"/>
  <testcase classname="TestNG.TestNGBasicFeatures" name="VerifypageTitle" time="0.005"/>
  <testcase classname="TestNG.TestNGBasicFeatures" name="Verifycreateaccountbutton" time="0.003"/>
  <testcase classname="TestNG.TestNGBasicFeatures" name="Verifylogodiaplayed" time="0.004"/>
  <testcase classname="TestNG.TestNGBasicFeatures" name="Verifynoteuderloginbox" time="0.002"/>
  <testcase classname="TestNG.TestNGBasicFeatures" name="verifyforgotlink" time="0.002"/>
  <testcase classname="TestNG.AssertTest" name="assertnull" time="0.015">
    <failure type="java.lang.AssertionError" message="expected [null] but found [Facebook – log in or sign up]">
      <![CDATA[java.lang.AssertionError: expected [null] but found [Facebook – log in or sign up]
at TestNG.AssertTest.assertnull(AssertTest.java:90)
at java.base/java.util.ArrayList.forEach(ArrayList.java:1511)
... Removed 29 stack frames]]>
    </failure>
  </testcase> <!-- assertnull -->
  <testcase classname="TestNG.AssertTest" name="verifyPageTitle" time="0.057"/>
  <testcase classname="TestNG.AssertTest" name="verifylogo" time="0.11"/>
  <testcase classname="TestNG.enabledfeature" name="verifyforgotlink" time="0.0">
    <ignored/>
  </testcase> <!-- verifyforgotlink -->
  <testcase classname="TestNG.TestNGBasicFeatures" name="verifyloginsuccess" time="0.0">
    <ignored/>
  </testcase> <!-- verifyloginsuccess -->
</testsuite> <!-- Test -->
