<?xml version="1.0" encoding="UTF-8"?>
<!-- Generated by org.testng.reporters.JUnitXMLReporter -->
<testsuite ignored="6" hostname="DESKTOP-SA70GI3" failures="3" tests="6" name="Test(failed)" time="22.794" errors="0" timestamp="2024-05-17T13:37:00 IST">
  <testcase classname="TestNG.SoftAssertDemo" name="titlepageTest" time="0.704">
    <failure type="java.lang.AssertionError" message="The following asserts failed:
	Expected result not match Actual resul expected [Google123] but found [Google]">
      <![CDATA[java.lang.AssertionError: The following asserts failed:
Expected result not match Actual resul expected [Google123] but found [Google]
at TestNG.SoftAssertDemo.titlepageTest(SoftAssertDemo.java:72)
at java.base/java.util.ArrayList.forEach(ArrayList.java:1511)
... Removed 27 stack frames]]>
    </failure>
  </testcase> <!-- titlepageTest -->
  <testcase classname="TestNG.dependsOnMethods" name="verifylaunchapplication" time="0.004">
    <failure type="java.lang.ArithmeticException" message="/ by zero">
      <![CDATA[java.lang.ArithmeticException: / by zero
at TestNG.dependsOnMethods.verifylaunchapplication(dependsOnMethods.java:29)
at java.base/java.util.ArrayList.forEach(ArrayList.java:1511)
... Removed 25 stack frames]]>
    </failure>
  </testcase> <!-- verifylaunchapplication -->
  <testcase classname="TestNG.dependsOnMethods" name="Verifycreateaccountbutton" time="0.0">
    <skipped/>
  </testcase> <!-- Verifycreateaccountbutton -->
  <testcase classname="TestNG.dependsOnMethods" name="verifyloginsuccess" time="0.0">
    <skipped/>
  </testcase> <!-- verifyloginsuccess -->
  <testcase classname="TestNG.dependsOnMethods" name="Verifynoteuderloginbox" time="0.001">
    <skipped/>
  </testcase> <!-- Verifynoteuderloginbox -->
  <testcase classname="TestNG.AssertTest" name="assertnull" time="0.014">
    <failure type="java.lang.AssertionError" message="expected [null] but found [Facebook – log in or sign up]">
      <![CDATA[java.lang.AssertionError: expected [null] but found [Facebook – log in or sign up]
at TestNG.AssertTest.assertnull(AssertTest.java:90)
at java.base/java.util.ArrayList.forEach(ArrayList.java:1511)
... Removed 29 stack frames]]>
    </failure>
  </testcase> <!-- assertnull -->
  <testcase classname="TestNG.AssertTest" name="verifyPageTitle" time="0.0">
    <ignored/>
  </testcase> <!-- verifyPageTitle -->
  <testcase classname="TestNG.SoftAssertDemo" name="gmaillinktest" time="0.0">
    <ignored/>
  </testcase> <!-- gmaillinktest -->
  <testcase classname="TestNG.AssertTest" name="verifylogo" time="0.0">
    <ignored/>
  </testcase> <!-- verifylogo -->
  <testcase classname="TestNG.dependsOnMethods" name="verifyforgotlink" time="0.0">
    <ignored/>
  </testcase> <!-- verifyforgotlink -->
  <testcase classname="TestNG.dependsOnMethods" name="VerifypageTitle" time="0.0">
    <ignored/>
  </testcase> <!-- VerifypageTitle -->
  <testcase classname="TestNG.dependsOnMethods" name="Verifylogodiaplayed" time="0.0">
    <ignored/>
  </testcase> <!-- Verifylogodiaplayed -->
</testsuite> <!-- Test(failed) -->
