<!DOCTYPE html PUBLIC "-//W3C//DTD XHTML 1.1//EN" "https://www.w3.org/TR/xhtml11/DTD/xhtml11.dtd">
<html xmlns="https://www.w3.org/1999/xhtml">
<head>
<meta http-equiv="content-type" content="text/html; charset=UTF-8"/>
<title>TestNG Report</title>
<style type="text/css">table {margin-bottom:10px;border-collapse:collapse;empty-cells:show}th,td {border:1px solid #009;padding:.25em .5em}th {vertical-align:bottom}td {vertical-align:top}table a {font-weight:bold}.stripe td {background-color: #E6EBF9}.num {text-align:right}.passedodd td {background-color: #3F3}.passedeven td {background-color: #0A0}.skippedodd td {background-color: #DDD}.skippedeven td {background-color: #CCC}.failedodd td,.attn {background-color: #F33}.failedeven td,.stripe .attn {background-color: #D00}.stacktrace {white-space:pre;font-family:monospace}.totop {font-size:85%;text-align:center;border-bottom:2px solid #000}.invisible {display:none}</style>
</head>
<body>
<table>
<tr><th>Test</th><th># Passed</th><th># Skipped</th><th># Retried</th><th># Failed</th><th>Time (ms)</th><th>Included Groups</th><th>Excluded Groups</th></tr>
<tr><th colspan="8">Failed suite [Suite]</th></tr>
<tr><td><a href="#t0">Test(failed)</a></td><td class="num">0</td><td class="num attn">3</td><td class="num">0</td><td class="num attn">3</td><td class="num">22,794</td><td></td><td></td></tr>
</table>
<table id='summary'><thead><tr><th>Class</th><th>Method</th><th>Start</th><th>Time (ms)</th></tr></thead><tbody><tr><th colspan="4">Failed suite [Suite]</th></tr></tbody><tbody id="t0"><tr><th colspan="4">Test(failed) &#8212; failed</th></tr><tr class="failedeven"><td rowspan="1">TestNG.AssertTest</td><td><a href="#m0">assertnull</a></td><td rowspan="1">1715933217990</td><td rowspan="1">14</td></tr><tr class="failedodd"><td rowspan="1">TestNG.SoftAssertDemo</td><td><a href="#m1">titlepageTest</a></td><td rowspan="1">1715933207709</td><td rowspan="1">704</td></tr><tr class="failedeven"><td rowspan="1">TestNG.dependsOnMethods</td><td><a href="#m2">verifylaunchapplication</a></td><td rowspan="1">1715933210394</td><td rowspan="1">4</td></tr><tr><th colspan="4">Test(failed) &#8212; skipped</th></tr><tr class="skippedeven"><td rowspan="3">TestNG.dependsOnMethods</td><td><a href="#m3">Verifycreateaccountbutton</a></td><td rowspan="1">1715933210425</td><td rowspan="1">0</td></tr><tr class="skippedeven"><td><a href="#m4">Verifynoteuderloginbox</a></td><td rowspan="1">1715933210480</td><td rowspan="1">1</td></tr><tr class="skippedeven"><td><a href="#m5">verifyloginsuccess</a></td><td rowspan="1">1715933210449</td><td rowspan="1">0</td></tr></tbody>
</table>
<h2>Test(failed)</h2><h3 id="m0">TestNG.AssertTest#assertnull</h3><table class="result"><tr><th>Exception</th></tr><tr><td><div class="stacktrace">java.lang.AssertionError: expected [null] but found [Facebook â€“ log in or sign up]
	at TestNG.AssertTest.assertnull(AssertTest.java:90)
	at java.base/java.util.ArrayList.forEach(ArrayList.java:1511)
... Removed 29 stack frames</div></td></tr></table><p class="totop"><a href="#summary">back to summary</a></p>
<h3 id="m1">TestNG.SoftAssertDemo#titlepageTest</h3><table class="result"><tr><th>Exception</th></tr><tr><td><div class="stacktrace">java.lang.AssertionError: The following asserts failed:
	Expected result not match Actual resul expected [Google123] but found [Google]
	at TestNG.SoftAssertDemo.titlepageTest(SoftAssertDemo.java:72)
	at java.base/java.util.ArrayList.forEach(ArrayList.java:1511)
... Removed 27 stack frames</div></td></tr></table><p class="totop"><a href="#summary">back to summary</a></p>
<h3 id="m2">TestNG.dependsOnMethods#verifylaunchapplication</h3><table class="result"><tr><th>Exception</th></tr><tr><td><div class="stacktrace">java.lang.ArithmeticException: / by zero
	at TestNG.dependsOnMethods.verifylaunchapplication(dependsOnMethods.java:29)
	at java.base/java.util.ArrayList.forEach(ArrayList.java:1511)
... Removed 25 stack frames</div></td></tr></table><p class="totop"><a href="#summary">back to summary</a></p>
<h3 id="m3">TestNG.dependsOnMethods#Verifycreateaccountbutton</h3><table class="result"><tr><th>Exception</th></tr><tr><td><div class="stacktrace">java.lang.Throwable: Method TestNG.dependsOnMethods.Verifycreateaccountbutton() on instance TestNG.dependsOnMethods@31190526 depends on not successfully finished methods 
[TestNG.dependsOnMethods.verifylaunchapplication() on instance TestNG.dependsOnMethods@31190526]
	at java.base/java.util.ArrayList.forEach(ArrayList.java:1511)
... Removed 18 stack frames</div></td></tr></table><p class="totop"><a href="#summary">back to summary</a></p>
<h3 id="m4">TestNG.dependsOnMethods#Verifynoteuderloginbox</h3><table class="result"><tr><th>Exception</th></tr><tr><td><div class="stacktrace">java.lang.Throwable: Method TestNG.dependsOnMethods.Verifynoteuderloginbox() on instance TestNG.dependsOnMethods@31190526 depends on not successfully finished methods 
[TestNG.dependsOnMethods.verifylaunchapplication() on instance TestNG.dependsOnMethods@31190526]
	at java.base/java.util.ArrayList.forEach(ArrayList.java:1511)
... Removed 18 stack frames</div></td></tr></table><p class="totop"><a href="#summary">back to summary</a></p>
<h3 id="m5">TestNG.dependsOnMethods#verifyloginsuccess</h3><table class="result"><tr><th>Exception</th></tr><tr><td><div class="stacktrace">java.lang.Throwable: Method TestNG.dependsOnMethods.verifyloginsuccess() on instance TestNG.dependsOnMethods@31190526 depends on not successfully finished methods 
[TestNG.dependsOnMethods.verifylaunchapplication() on instance TestNG.dependsOnMethods@31190526]
	at java.base/java.util.ArrayList.forEach(ArrayList.java:1511)
... Removed 18 stack frames</div></td></tr></table><p class="totop"><a href="#summary">back to summary</a></p>
</body>
</html>
